<?xml version="1.0" encoding="UTF-8"?>
<TestRun id="fe9b410a-e4ae-4777-9604-ad895abafa0b" name="SYSTEM@N005509 2016-01-03 14:31:03" runUser="NT-AUTORITÄT\SYSTEM" xmlns="http://microsoft.com/schemas/VisualStudio/TeamTest/2010">
  <Times creation="2016-01-03T14:31:03.9422743+01:00" queuing="2016-01-03T14:31:03.9422743+01:00" start="2016-01-03T14:31:03.9492750+01:00" finish="2016-01-03T14:31:04.0082809+01:00" />
  <TestSettings name="default" id="248bc804-e171-43c6-83d5-de448efa1a41">
    <Execution>
      <TestTypeSpecific />
    </Execution>
    <Deployment runDeploymentRoot="SYSTEM_N005509 2016-01-03 14_31_03" />
    <Properties />
  </TestSettings>
  <Results>
    <UnitTestResult executionId="83b65fea-bb9a-472e-b6db-2ba0972d7ae1" testId="07243591-7f0e-4593-b456-6795ff7ae895" testName="OrderedTest1" computerName="N005509" duration="00:00:00.2649864" startTime="2016-01-03T14:31:03.5082309+01:00" endTime="2016-01-03T14:31:03.7972598+01:00" testType="13cdc9d9-ddb5-4fa4-a97d-d965ccfc6d4b" outcome="Passed" testListId="8c84fa94-04c1-424b-9868-57a2d4851a1d" relativeResultsDirectory="83b65fea-bb9a-472e-b6db-2ba0972d7ae1" />
    <UnitTestResult executionId="ac22fc9a-7ce2-4302-8414-6bb9fd2ad989" testId="7c7b9812-a504-4c0b-9186-d05916a33964" testName="1- MathUtil_TestIncrement (OrderedTest1)" computerName="N005509" duration="00:00:00.0162782" startTime="2016-01-03T13:31:03.5312332+01:00" endTime="2016-01-03T13:31:03.7562557+01:00" testType="13cdc9d9-ddb5-4fa4-a97d-d965ccfc6d4b" outcome="Passed" testListId="8c84fa94-04c1-424b-9868-57a2d4851a1d" relativeResultsDirectory="ac22fc9a-7ce2-4302-8414-6bb9fd2ad989" />
    <UnitTestResult executionId="ea3fd65c-abc4-4fdc-ab1b-f369929b8e37" testId="6ab80f82-54f7-4d1b-9705-e7a2e561b64b" testName="2- StringUtil_GetStringBetween (OrderedTest1)" computerName="N005509" duration="00:00:00.0013944" startTime="2016-01-03T13:31:03.7592560+01:00" endTime="2016-01-03T13:31:03.7642565+01:00" testType="13cdc9d9-ddb5-4fa4-a97d-d965ccfc6d4b" outcome="Passed" testListId="8c84fa94-04c1-424b-9868-57a2d4851a1d" relativeResultsDirectory="ea3fd65c-abc4-4fdc-ab1b-f369929b8e37" />
    <UnitTestResult executionId="ac5d666d-ca06-4e6f-99e0-bba4558cec7f" testId="0f753c4c-a0d9-43b3-b8bc-97e7cc30963a" testName="3- TestFirstViewModel (OrderedTest1)" computerName="N005509" duration="00:00:00.0255491" startTime="2016-01-03T13:31:03.7642565+01:00" endTime="2016-01-03T13:31:03.7962597+01:00" testType="13cdc9d9-ddb5-4fa4-a97d-d965ccfc6d4b" outcome="Passed" testListId="8c84fa94-04c1-424b-9868-57a2d4851a1d" relativeResultsDirectory="ac5d666d-ca06-4e6f-99e0-bba4558cec7f" />
  </Results>
  <TestDefinitions>
    <UnitTest name="OrderedTest1" storage="c:\users\mpfingsten\documents\qqq_firstest\testbay_test\orderedtest1.orderedtest" id="07243591-7f0e-4593-b456-6795ff7ae895">
      <Execution id="83b65fea-bb9a-472e-b6db-2ba0972d7ae1" />
      <TestMethod codeBase="C:\Users\mpfingsten\Documents\qqq_firsTest\TestBay_Test\OrderedTest1.orderedTest" adapterTypeName="Microsoft.VisualStudio.TestTools.TestTypes.Unit.UnitTestAdapter" className="c:\users\mpfingsten\documents\qqq_firstest\testbay_test\orderedtest1" name="OrderedTest1" />
    </UnitTest>
    <UnitTest name="1- MathUtil_TestIncrement (OrderedTest1)" storage="c:\users\mpfingsten\documents\qqq_firstest\testbay_test\orderedtest1.orderedtest" id="7c7b9812-a504-4c0b-9186-d05916a33964">
      <Execution id="ac22fc9a-7ce2-4302-8414-6bb9fd2ad989" />
      <TestMethod codeBase="C:\Users\mpfingsten\Documents\qqq_firsTest\TestBay_Test\OrderedTest1.orderedTest" adapterTypeName="Microsoft.VisualStudio.TestTools.TestTypes.Unit.UnitTestAdapter" className="c:\users\mpfingsten\documents\qqq_firstest\testbay_test\orderedtest1" name="1- MathUtil_TestIncrement (OrderedTest1)" />
    </UnitTest>
    <UnitTest name="2- StringUtil_GetStringBetween (OrderedTest1)" storage="c:\users\mpfingsten\documents\qqq_firstest\testbay_test\orderedtest1.orderedtest" id="6ab80f82-54f7-4d1b-9705-e7a2e561b64b">
      <Execution id="ea3fd65c-abc4-4fdc-ab1b-f369929b8e37" />
      <TestMethod codeBase="C:\Users\mpfingsten\Documents\qqq_firsTest\TestBay_Test\OrderedTest1.orderedTest" adapterTypeName="Microsoft.VisualStudio.TestTools.TestTypes.Unit.UnitTestAdapter" className="c:\users\mpfingsten\documents\qqq_firstest\testbay_test\orderedtest1" name="2- StringUtil_GetStringBetween (OrderedTest1)" />
    </UnitTest>
    <UnitTest name="3- TestFirstViewModel (OrderedTest1)" storage="c:\users\mpfingsten\documents\qqq_firstest\testbay_test\orderedtest1.orderedtest" id="0f753c4c-a0d9-43b3-b8bc-97e7cc30963a">
      <Execution id="ac5d666d-ca06-4e6f-99e0-bba4558cec7f" />
      <TestMethod codeBase="C:\Users\mpfingsten\Documents\qqq_firsTest\TestBay_Test\OrderedTest1.orderedTest" adapterTypeName="Microsoft.VisualStudio.TestTools.TestTypes.Unit.UnitTestAdapter" className="c:\users\mpfingsten\documents\qqq_firstest\testbay_test\orderedtest1" name="3- TestFirstViewModel (OrderedTest1)" />
    </UnitTest>
  </TestDefinitions>
  <TestEntries>
    <TestEntry testId="07243591-7f0e-4593-b456-6795ff7ae895" executionId="83b65fea-bb9a-472e-b6db-2ba0972d7ae1" testListId="8c84fa94-04c1-424b-9868-57a2d4851a1d" />
    <TestEntry testId="7c7b9812-a504-4c0b-9186-d05916a33964" executionId="ac22fc9a-7ce2-4302-8414-6bb9fd2ad989" testListId="8c84fa94-04c1-424b-9868-57a2d4851a1d" />
    <TestEntry testId="6ab80f82-54f7-4d1b-9705-e7a2e561b64b" executionId="ea3fd65c-abc4-4fdc-ab1b-f369929b8e37" testListId="8c84fa94-04c1-424b-9868-57a2d4851a1d" />
    <TestEntry testId="0f753c4c-a0d9-43b3-b8bc-97e7cc30963a" executionId="ac5d666d-ca06-4e6f-99e0-bba4558cec7f" testListId="8c84fa94-04c1-424b-9868-57a2d4851a1d" />
  </TestEntries>
  <TestLists>
    <TestList name="Nicht in einer Liste enthaltene Ergebnisse" id="8c84fa94-04c1-424b-9868-57a2d4851a1d" />
    <TestList name="Alle geladenen Ergebnisse" id="19431567-8539-422a-85d7-44ee4e166bda" />
  </TestLists>
  <ResultSummary outcome="Completed">
    <Counters total="4" executed="4" passed="4" failed="0" error="0" timeout="0" aborted="0" inconclusive="0" passedButRunAborted="0" notRunnable="0" notExecuted="0" disconnected="0" warning="0" completed="0" inProgress="0" pending="0" />
    <RunInfos>
      <RunInfo computerName="N005509" outcome="Warning" timestamp="2016-01-03T14:31:02.3841185+01:00">
        <Text>Meldung des Adapters für diagnostische Daten: Diagnosedatenadapter 'Code Coverage' wurde nicht gefunden. Stellen Sie sicher, dass der Diagnosedatenadapter installiert ist, und wiederholen Sie den Vorgang.</Text>
      </RunInfo>
    </RunInfos>
  </ResultSummary>
</TestRun>