<?xml version="1.0" encoding="UTF-8"?>
<TestRun id="7d93a61d-2f4e-4cf6-89fd-c327619f89ab" name="SYSTEM@N005509 2016-01-03 13:54:03" runUser="NT-AUTORITÄT\SYSTEM" xmlns="http://microsoft.com/schemas/VisualStudio/TeamTest/2010">
  <Times creation="2016-01-03T13:54:04.0020854+01:00" queuing="2016-01-03T13:54:04.0020854+01:00" start="2016-01-03T13:54:04.0070859+01:00" finish="2016-01-03T13:54:04.0790931+01:00" />
  <TestSettings name="default" id="942c0d52-b7bd-45ac-b735-e88a80e813c6">
    <Execution>
      <TestTypeSpecific />
    </Execution>
    <Deployment runDeploymentRoot="SYSTEM_N005509 2016-01-03 13_54_03" />
    <Properties />
  </TestSettings>
  <Results>
    <UnitTestResult executionId="21733282-f7dc-45d9-ad94-c3844e053b66" testId="abd87d6d-bdea-4747-83c0-796bb2465d2a" testName="OrderedTest1" computerName="N005509" duration="00:00:00.2684975" startTime="2016-01-03T13:54:03.6140466+01:00" endTime="2016-01-03T13:54:03.8990751+01:00" testType="13cdc9d9-ddb5-4fa4-a97d-d965ccfc6d4b" outcome="Passed" testListId="8c84fa94-04c1-424b-9868-57a2d4851a1d" relativeResultsDirectory="21733282-f7dc-45d9-ad94-c3844e053b66" />
    <UnitTestResult executionId="7fd18102-d990-4707-8c0a-61526f9ea2d9" testId="74823668-ad55-4bd9-8850-6551f6f06335" testName="01- MathUtil_TestIncrement (OrderedTest1)" computerName="N005509" duration="00:00:00.0285285" startTime="2016-01-03T12:54:03.6300482+01:00" endTime="2016-01-03T12:54:03.8550707+01:00" testType="13cdc9d9-ddb5-4fa4-a97d-d965ccfc6d4b" outcome="Passed" testListId="8c84fa94-04c1-424b-9868-57a2d4851a1d" relativeResultsDirectory="7fd18102-d990-4707-8c0a-61526f9ea2d9" />
    <UnitTestResult executionId="fee51d7e-9f4d-44c4-9268-0a8cd7a22b3f" testId="f5c0ed56-ea2e-48c7-90f4-fbb7495d6920" testName="02- MathUtil_TestIncrement (OrderedTest1)" computerName="N005509" duration="00:00:00.0000554" startTime="2016-01-03T12:54:03.8570709+01:00" endTime="2016-01-03T12:54:03.8600712+01:00" testType="13cdc9d9-ddb5-4fa4-a97d-d965ccfc6d4b" outcome="Passed" testListId="8c84fa94-04c1-424b-9868-57a2d4851a1d" relativeResultsDirectory="fee51d7e-9f4d-44c4-9268-0a8cd7a22b3f" />
    <UnitTestResult executionId="5b167260-a471-46fe-896d-f32cee57f9f9" testId="ae4636da-11b6-4d09-b8bb-8dd4ca7c0d1f" testName="03- MathUtil_TestIncrement (OrderedTest1)" computerName="N005509" duration="00:00:00.0000369" startTime="2016-01-03T12:54:03.8600712+01:00" endTime="2016-01-03T12:54:03.8630715+01:00" testType="13cdc9d9-ddb5-4fa4-a97d-d965ccfc6d4b" outcome="Passed" testListId="8c84fa94-04c1-424b-9868-57a2d4851a1d" relativeResultsDirectory="5b167260-a471-46fe-896d-f32cee57f9f9" />
    <UnitTestResult executionId="78d2d95b-f7e1-4563-915b-f4adc1aeefd2" testId="785423ed-8022-496e-b4fd-88d1e066a89d" testName="04- MathUtil_TestIncrement (OrderedTest1)" computerName="N005509" duration="00:00:00.0000344" startTime="2016-01-03T12:54:03.8630715+01:00" endTime="2016-01-03T12:54:03.8690721+01:00" testType="13cdc9d9-ddb5-4fa4-a97d-d965ccfc6d4b" outcome="Passed" testListId="8c84fa94-04c1-424b-9868-57a2d4851a1d" relativeResultsDirectory="78d2d95b-f7e1-4563-915b-f4adc1aeefd2" />
    <UnitTestResult executionId="e974f951-b896-456a-add1-0951b0ef8b3b" testId="929be5fa-e06f-4752-9100-fd89b2088196" testName="05- StringUtil_GetStringBetween (OrderedTest1)" computerName="N005509" duration="00:00:00.0013793" startTime="2016-01-03T12:54:03.8690721+01:00" endTime="2016-01-03T12:54:03.8730725+01:00" testType="13cdc9d9-ddb5-4fa4-a97d-d965ccfc6d4b" outcome="Passed" testListId="8c84fa94-04c1-424b-9868-57a2d4851a1d" relativeResultsDirectory="e974f951-b896-456a-add1-0951b0ef8b3b" />
    <UnitTestResult executionId="3c883c5d-9251-4f17-8cbd-fb77ff9aa30b" testId="e8f51bff-c409-43cc-9ad4-8bb84b12baff" testName="06- StringUtil_GetStringBetween (OrderedTest1)" computerName="N005509" duration="00:00:00.0000381" startTime="2016-01-03T12:54:03.8730725+01:00" endTime="2016-01-03T12:54:03.8760728+01:00" testType="13cdc9d9-ddb5-4fa4-a97d-d965ccfc6d4b" outcome="Passed" testListId="8c84fa94-04c1-424b-9868-57a2d4851a1d" relativeResultsDirectory="3c883c5d-9251-4f17-8cbd-fb77ff9aa30b" />
    <UnitTestResult executionId="93877601-1e68-4088-ad8a-84eb87072b1f" testId="e9a70660-030f-4544-a205-7ba71b7aa3ed" testName="07- StringUtil_GetStringBetween (OrderedTest1)" computerName="N005509" duration="00:00:00.0000353" startTime="2016-01-03T12:54:03.8760728+01:00" endTime="2016-01-03T12:54:03.8780730+01:00" testType="13cdc9d9-ddb5-4fa4-a97d-d965ccfc6d4b" outcome="Passed" testListId="8c84fa94-04c1-424b-9868-57a2d4851a1d" relativeResultsDirectory="93877601-1e68-4088-ad8a-84eb87072b1f" />
    <UnitTestResult executionId="5cc50b06-d763-4f07-b933-328541eeec5a" testId="a7e35ca7-8297-42c1-902c-3c15b20710dd" testName="08- TestFirstViewModel (OrderedTest1)" computerName="N005509" duration="00:00:00.0147187" startTime="2016-01-03T12:54:03.8780730+01:00" endTime="2016-01-03T12:54:03.8960748+01:00" testType="13cdc9d9-ddb5-4fa4-a97d-d965ccfc6d4b" outcome="Passed" testListId="8c84fa94-04c1-424b-9868-57a2d4851a1d" relativeResultsDirectory="5cc50b06-d763-4f07-b933-328541eeec5a" />
    <UnitTestResult executionId="c9c54946-0889-443d-b93b-35b341030e69" testId="e40b1880-f9af-4190-941d-a0ecb2c87fe6" testName="09- TestFirstViewModel (OrderedTest1)" computerName="N005509" duration="00:00:00.0000242" startTime="2016-01-03T12:54:03.8960748+01:00" endTime="2016-01-03T12:54:03.8980750+01:00" testType="13cdc9d9-ddb5-4fa4-a97d-d965ccfc6d4b" outcome="Passed" testListId="8c84fa94-04c1-424b-9868-57a2d4851a1d" relativeResultsDirectory="c9c54946-0889-443d-b93b-35b341030e69" />
  </Results>
  <TestDefinitions>
    <UnitTest name="OrderedTest1" storage="d:\glx-projekte\repositories\qqq_firsttest\testbay_test\orderedtest1.orderedtest" id="abd87d6d-bdea-4747-83c0-796bb2465d2a">
      <Execution id="21733282-f7dc-45d9-ad94-c3844e053b66" />
      <TestMethod codeBase="D:\GLX-Projekte\Repositories\QQQ_FirstTest\TestBay_Test\OrderedTest1.orderedtest" adapterTypeName="Microsoft.VisualStudio.TestTools.TestTypes.Unit.UnitTestAdapter" className="d:\glx-projekte\repositories\qqq_firsttest\testbay_test\orderedtest1" name="OrderedTest1" />
    </UnitTest>
    <UnitTest name="01- MathUtil_TestIncrement (OrderedTest1)" storage="d:\glx-projekte\repositories\qqq_firsttest\testbay_test\orderedtest1.orderedtest" id="74823668-ad55-4bd9-8850-6551f6f06335">
      <Execution id="7fd18102-d990-4707-8c0a-61526f9ea2d9" />
      <TestMethod codeBase="D:\GLX-Projekte\Repositories\QQQ_FirstTest\TestBay_Test\OrderedTest1.orderedtest" adapterTypeName="Microsoft.VisualStudio.TestTools.TestTypes.Unit.UnitTestAdapter" className="d:\glx-projekte\repositories\qqq_firsttest\testbay_test\orderedtest1" name="01- MathUtil_TestIncrement (OrderedTest1)" />
    </UnitTest>
    <UnitTest name="02- MathUtil_TestIncrement (OrderedTest1)" storage="d:\glx-projekte\repositories\qqq_firsttest\testbay_test\orderedtest1.orderedtest" id="f5c0ed56-ea2e-48c7-90f4-fbb7495d6920">
      <Execution id="fee51d7e-9f4d-44c4-9268-0a8cd7a22b3f" />
      <TestMethod codeBase="D:\GLX-Projekte\Repositories\QQQ_FirstTest\TestBay_Test\OrderedTest1.orderedtest" adapterTypeName="Microsoft.VisualStudio.TestTools.TestTypes.Unit.UnitTestAdapter" className="d:\glx-projekte\repositories\qqq_firsttest\testbay_test\orderedtest1" name="02- MathUtil_TestIncrement (OrderedTest1)" />
    </UnitTest>
    <UnitTest name="03- MathUtil_TestIncrement (OrderedTest1)" storage="d:\glx-projekte\repositories\qqq_firsttest\testbay_test\orderedtest1.orderedtest" id="ae4636da-11b6-4d09-b8bb-8dd4ca7c0d1f">
      <Execution id="5b167260-a471-46fe-896d-f32cee57f9f9" />
      <TestMethod codeBase="D:\GLX-Projekte\Repositories\QQQ_FirstTest\TestBay_Test\OrderedTest1.orderedtest" adapterTypeName="Microsoft.VisualStudio.TestTools.TestTypes.Unit.UnitTestAdapter" className="d:\glx-projekte\repositories\qqq_firsttest\testbay_test\orderedtest1" name="03- MathUtil_TestIncrement (OrderedTest1)" />
    </UnitTest>
    <UnitTest name="04- MathUtil_TestIncrement (OrderedTest1)" storage="d:\glx-projekte\repositories\qqq_firsttest\testbay_test\orderedtest1.orderedtest" id="785423ed-8022-496e-b4fd-88d1e066a89d">
      <Execution id="78d2d95b-f7e1-4563-915b-f4adc1aeefd2" />
      <TestMethod codeBase="D:\GLX-Projekte\Repositories\QQQ_FirstTest\TestBay_Test\OrderedTest1.orderedtest" adapterTypeName="Microsoft.VisualStudio.TestTools.TestTypes.Unit.UnitTestAdapter" className="d:\glx-projekte\repositories\qqq_firsttest\testbay_test\orderedtest1" name="04- MathUtil_TestIncrement (OrderedTest1)" />
    </UnitTest>
    <UnitTest name="05- StringUtil_GetStringBetween (OrderedTest1)" storage="d:\glx-projekte\repositories\qqq_firsttest\testbay_test\orderedtest1.orderedtest" id="929be5fa-e06f-4752-9100-fd89b2088196">
      <Execution id="e974f951-b896-456a-add1-0951b0ef8b3b" />
      <TestMethod codeBase="D:\GLX-Projekte\Repositories\QQQ_FirstTest\TestBay_Test\OrderedTest1.orderedtest" adapterTypeName="Microsoft.VisualStudio.TestTools.TestTypes.Unit.UnitTestAdapter" className="d:\glx-projekte\repositories\qqq_firsttest\testbay_test\orderedtest1" name="05- StringUtil_GetStringBetween (OrderedTest1)" />
    </UnitTest>
    <UnitTest name="06- StringUtil_GetStringBetween (OrderedTest1)" storage="d:\glx-projekte\repositories\qqq_firsttest\testbay_test\orderedtest1.orderedtest" id="e8f51bff-c409-43cc-9ad4-8bb84b12baff">
      <Execution id="3c883c5d-9251-4f17-8cbd-fb77ff9aa30b" />
      <TestMethod codeBase="D:\GLX-Projekte\Repositories\QQQ_FirstTest\TestBay_Test\OrderedTest1.orderedtest" adapterTypeName="Microsoft.VisualStudio.TestTools.TestTypes.Unit.UnitTestAdapter" className="d:\glx-projekte\repositories\qqq_firsttest\testbay_test\orderedtest1" name="06- StringUtil_GetStringBetween (OrderedTest1)" />
    </UnitTest>
    <UnitTest name="07- StringUtil_GetStringBetween (OrderedTest1)" storage="d:\glx-projekte\repositories\qqq_firsttest\testbay_test\orderedtest1.orderedtest" id="e9a70660-030f-4544-a205-7ba71b7aa3ed">
      <Execution id="93877601-1e68-4088-ad8a-84eb87072b1f" />
      <TestMethod codeBase="D:\GLX-Projekte\Repositories\QQQ_FirstTest\TestBay_Test\OrderedTest1.orderedtest" adapterTypeName="Microsoft.VisualStudio.TestTools.TestTypes.Unit.UnitTestAdapter" className="d:\glx-projekte\repositories\qqq_firsttest\testbay_test\orderedtest1" name="07- StringUtil_GetStringBetween (OrderedTest1)" />
    </UnitTest>
    <UnitTest name="08- TestFirstViewModel (OrderedTest1)" storage="d:\glx-projekte\repositories\qqq_firsttest\testbay_test\orderedtest1.orderedtest" id="a7e35ca7-8297-42c1-902c-3c15b20710dd">
      <Execution id="5cc50b06-d763-4f07-b933-328541eeec5a" />
      <TestMethod codeBase="D:\GLX-Projekte\Repositories\QQQ_FirstTest\TestBay_Test\OrderedTest1.orderedtest" adapterTypeName="Microsoft.VisualStudio.TestTools.TestTypes.Unit.UnitTestAdapter" className="d:\glx-projekte\repositories\qqq_firsttest\testbay_test\orderedtest1" name="08- TestFirstViewModel (OrderedTest1)" />
    </UnitTest>
    <UnitTest name="09- TestFirstViewModel (OrderedTest1)" storage="d:\glx-projekte\repositories\qqq_firsttest\testbay_test\orderedtest1.orderedtest" id="e40b1880-f9af-4190-941d-a0ecb2c87fe6">
      <Execution id="c9c54946-0889-443d-b93b-35b341030e69" />
      <TestMethod codeBase="D:\GLX-Projekte\Repositories\QQQ_FirstTest\TestBay_Test\OrderedTest1.orderedtest" adapterTypeName="Microsoft.VisualStudio.TestTools.TestTypes.Unit.UnitTestAdapter" className="d:\glx-projekte\repositories\qqq_firsttest\testbay_test\orderedtest1" name="09- TestFirstViewModel (OrderedTest1)" />
    </UnitTest>
  </TestDefinitions>
  <TestEntries>
    <TestEntry testId="abd87d6d-bdea-4747-83c0-796bb2465d2a" executionId="21733282-f7dc-45d9-ad94-c3844e053b66" testListId="8c84fa94-04c1-424b-9868-57a2d4851a1d" />
    <TestEntry testId="74823668-ad55-4bd9-8850-6551f6f06335" executionId="7fd18102-d990-4707-8c0a-61526f9ea2d9" testListId="8c84fa94-04c1-424b-9868-57a2d4851a1d" />
    <TestEntry testId="f5c0ed56-ea2e-48c7-90f4-fbb7495d6920" executionId="fee51d7e-9f4d-44c4-9268-0a8cd7a22b3f" testListId="8c84fa94-04c1-424b-9868-57a2d4851a1d" />
    <TestEntry testId="ae4636da-11b6-4d09-b8bb-8dd4ca7c0d1f" executionId="5b167260-a471-46fe-896d-f32cee57f9f9" testListId="8c84fa94-04c1-424b-9868-57a2d4851a1d" />
    <TestEntry testId="785423ed-8022-496e-b4fd-88d1e066a89d" executionId="78d2d95b-f7e1-4563-915b-f4adc1aeefd2" testListId="8c84fa94-04c1-424b-9868-57a2d4851a1d" />
    <TestEntry testId="929be5fa-e06f-4752-9100-fd89b2088196" executionId="e974f951-b896-456a-add1-0951b0ef8b3b" testListId="8c84fa94-04c1-424b-9868-57a2d4851a1d" />
    <TestEntry testId="e8f51bff-c409-43cc-9ad4-8bb84b12baff" executionId="3c883c5d-9251-4f17-8cbd-fb77ff9aa30b" testListId="8c84fa94-04c1-424b-9868-57a2d4851a1d" />
    <TestEntry testId="e9a70660-030f-4544-a205-7ba71b7aa3ed" executionId="93877601-1e68-4088-ad8a-84eb87072b1f" testListId="8c84fa94-04c1-424b-9868-57a2d4851a1d" />
    <TestEntry testId="a7e35ca7-8297-42c1-902c-3c15b20710dd" executionId="5cc50b06-d763-4f07-b933-328541eeec5a" testListId="8c84fa94-04c1-424b-9868-57a2d4851a1d" />
    <TestEntry testId="e40b1880-f9af-4190-941d-a0ecb2c87fe6" executionId="c9c54946-0889-443d-b93b-35b341030e69" testListId="8c84fa94-04c1-424b-9868-57a2d4851a1d" />
  </TestEntries>
  <TestLists>
    <TestList name="Nicht in einer Liste enthaltene Ergebnisse" id="8c84fa94-04c1-424b-9868-57a2d4851a1d" />
    <TestList name="Alle geladenen Ergebnisse" id="19431567-8539-422a-85d7-44ee4e166bda" />
  </TestLists>
  <ResultSummary outcome="Completed">
    <Counters total="10" executed="10" passed="10" failed="0" error="0" timeout="0" aborted="0" inconclusive="0" passedButRunAborted="0" notRunnable="0" notExecuted="0" disconnected="0" warning="0" completed="0" inProgress="0" pending="0" />
    <RunInfos>
      <RunInfo computerName="N005509" outcome="Warning" timestamp="2016-01-03T13:54:02.5079360+01:00">
        <Text>Meldung des Adapters für diagnostische Daten: Diagnosedatenadapter 'Code Coverage' wurde nicht gefunden. Stellen Sie sicher, dass der Diagnosedatenadapter installiert ist, und wiederholen Sie den Vorgang.</Text>
      </RunInfo>
    </RunInfos>
  </ResultSummary>
</TestRun>