<?xml version="1.0" encoding="UTF-8"?>
<TestRun id="b33960c3-d737-4d06-9af2-d0adf5b4c007" name="SYSTEM@N005509 2016-01-03 13:48:21" runUser="NT-AUTORITÄT\SYSTEM" xmlns="http://microsoft.com/schemas/VisualStudio/TeamTest/2010">
  <Times creation="2016-01-03T13:48:21.1087995+01:00" queuing="2016-01-03T13:48:21.1087995+01:00" start="2016-01-03T13:48:21.1138000+01:00" finish="2016-01-03T13:48:21.1858072+01:00" />
  <TestSettings name="default" id="2d1a69c3-ca31-43f6-9635-ec09cd7debbc">
    <Execution>
      <TestTypeSpecific />
    </Execution>
    <Deployment runDeploymentRoot="SYSTEM_N005509 2016-01-03 13_48_21" />
    <Properties />
  </TestSettings>
  <Results>
    <UnitTestResult executionId="3f06a670-ac28-4ad2-94cd-c0daaf88fad0" testId="abd87d6d-bdea-4747-83c0-796bb2465d2a" testName="OrderedTest1" computerName="N005509" duration="00:00:00.2672089" startTime="2016-01-03T13:48:20.7137600+01:00" endTime="2016-01-03T13:48:20.9987885+01:00" testType="13cdc9d9-ddb5-4fa4-a97d-d965ccfc6d4b" outcome="Passed" testListId="8c84fa94-04c1-424b-9868-57a2d4851a1d" relativeResultsDirectory="3f06a670-ac28-4ad2-94cd-c0daaf88fad0" />
    <UnitTestResult executionId="2f8ea75f-05f9-457c-a359-e27b596a49bf" testId="5e481de2-96e3-4b48-b7da-7aecd1a4abdb" testName="01- MathUtil_TestIncrement (OrderedTest1)" computerName="N005509" duration="00:00:00.0295880" startTime="2016-01-03T12:48:20.7307617+01:00" endTime="2016-01-03T12:48:20.9567843+01:00" testType="13cdc9d9-ddb5-4fa4-a97d-d965ccfc6d4b" outcome="Passed" testListId="8c84fa94-04c1-424b-9868-57a2d4851a1d" relativeResultsDirectory="2f8ea75f-05f9-457c-a359-e27b596a49bf" />
    <UnitTestResult executionId="c758436a-f2aa-4719-a380-b8328644d55a" testId="c017eab3-6bd6-4acc-b16e-37c90fc35de6" testName="02- MathUtil_TestIncrement (OrderedTest1)" computerName="N005509" duration="00:00:00.0000660" startTime="2016-01-03T12:48:20.9587845+01:00" endTime="2016-01-03T12:48:20.9607847+01:00" testType="13cdc9d9-ddb5-4fa4-a97d-d965ccfc6d4b" outcome="Passed" testListId="8c84fa94-04c1-424b-9868-57a2d4851a1d" relativeResultsDirectory="c758436a-f2aa-4719-a380-b8328644d55a" />
    <UnitTestResult executionId="9c454115-b0e6-443e-89f5-7a3de268087c" testId="8bafecbd-eb09-446a-af33-b5e7102135ec" testName="03- MathUtil_TestIncrement (OrderedTest1)" computerName="N005509" duration="00:00:00.0000238" startTime="2016-01-03T12:48:20.9617848+01:00" endTime="2016-01-03T12:48:20.9627849+01:00" testType="13cdc9d9-ddb5-4fa4-a97d-d965ccfc6d4b" outcome="Passed" testListId="8c84fa94-04c1-424b-9868-57a2d4851a1d" relativeResultsDirectory="9c454115-b0e6-443e-89f5-7a3de268087c" />
    <UnitTestResult executionId="5e10858e-5145-4160-b82a-1451c85cf3ef" testId="82a9ce6e-1d4c-4551-9fef-f50257af1675" testName="04- MathUtil_TestIncrement (OrderedTest1)" computerName="N005509" duration="00:00:00.0000250" startTime="2016-01-03T12:48:20.9637850+01:00" endTime="2016-01-03T12:48:20.9697856+01:00" testType="13cdc9d9-ddb5-4fa4-a97d-d965ccfc6d4b" outcome="Passed" testListId="8c84fa94-04c1-424b-9868-57a2d4851a1d" relativeResultsDirectory="5e10858e-5145-4160-b82a-1451c85cf3ef" />
    <UnitTestResult executionId="51600b18-cdae-45c7-89a3-444261256da5" testId="52545f24-0d23-4b93-aa00-bc9f54f5f5de" testName="05- StringUtil_GetStringBetween (OrderedTest1)" computerName="N005509" duration="00:00:00.0013017" startTime="2016-01-03T12:48:20.9697856+01:00" endTime="2016-01-03T12:48:20.9737860+01:00" testType="13cdc9d9-ddb5-4fa4-a97d-d965ccfc6d4b" outcome="Passed" testListId="8c84fa94-04c1-424b-9868-57a2d4851a1d" relativeResultsDirectory="51600b18-cdae-45c7-89a3-444261256da5" />
    <UnitTestResult executionId="4bbf9276-835d-4b96-8969-777b027e8303" testId="16cac8a5-b0a5-4e0b-b21d-18ebc8292dd8" testName="06- StringUtil_GetStringBetween (OrderedTest1)" computerName="N005509" duration="00:00:00.0000311" startTime="2016-01-03T12:48:20.9737860+01:00" endTime="2016-01-03T12:48:20.9757862+01:00" testType="13cdc9d9-ddb5-4fa4-a97d-d965ccfc6d4b" outcome="Passed" testListId="8c84fa94-04c1-424b-9868-57a2d4851a1d" relativeResultsDirectory="4bbf9276-835d-4b96-8969-777b027e8303" />
    <UnitTestResult executionId="656c459a-c2a6-4614-b3c5-c8f5d30e5c9d" testId="8f38e441-a6b8-4d52-a501-439ea0e2138e" testName="07- StringUtil_GetStringBetween (OrderedTest1)" computerName="N005509" duration="00:00:00.0000357" startTime="2016-01-03T12:48:20.9757862+01:00" endTime="2016-01-03T12:48:20.9787865+01:00" testType="13cdc9d9-ddb5-4fa4-a97d-d965ccfc6d4b" outcome="Passed" testListId="8c84fa94-04c1-424b-9868-57a2d4851a1d" relativeResultsDirectory="656c459a-c2a6-4614-b3c5-c8f5d30e5c9d" />
    <UnitTestResult executionId="2f55dcb2-8456-4d3b-a05c-434a5584fe82" testId="8782db30-51c5-4e18-bef8-8b99be38f641" testName="08- TestFirstViewModel (OrderedTest1)" computerName="N005509" duration="00:00:00.0142987" startTime="2016-01-03T12:48:20.9787865+01:00" endTime="2016-01-03T12:48:20.9957882+01:00" testType="13cdc9d9-ddb5-4fa4-a97d-d965ccfc6d4b" outcome="Passed" testListId="8c84fa94-04c1-424b-9868-57a2d4851a1d" relativeResultsDirectory="2f55dcb2-8456-4d3b-a05c-434a5584fe82" />
    <UnitTestResult executionId="f8671c74-b00a-4db3-bdfa-cb820c0daaf4" testId="0881f7aa-7658-4be0-a3c0-0ac8137c9099" testName="09- TestFirstViewModel (OrderedTest1)" computerName="N005509" duration="00:00:00.0000262" startTime="2016-01-03T12:48:20.9957882+01:00" endTime="2016-01-03T12:48:20.9977884+01:00" testType="13cdc9d9-ddb5-4fa4-a97d-d965ccfc6d4b" outcome="Passed" testListId="8c84fa94-04c1-424b-9868-57a2d4851a1d" relativeResultsDirectory="f8671c74-b00a-4db3-bdfa-cb820c0daaf4" />
  </Results>
  <TestDefinitions>
    <UnitTest name="OrderedTest1" storage="d:\glx-projekte\repositories\qqq_firsttest\testbay_test\orderedtest1.orderedtest" id="abd87d6d-bdea-4747-83c0-796bb2465d2a">
      <Execution id="3f06a670-ac28-4ad2-94cd-c0daaf88fad0" />
      <TestMethod codeBase="D:\GLX-Projekte\Repositories\QQQ_FirstTest\TestBay_Test\OrderedTest1.orderedtest" adapterTypeName="Microsoft.VisualStudio.TestTools.TestTypes.Unit.UnitTestAdapter" className="d:\glx-projekte\repositories\qqq_firsttest\testbay_test\orderedtest1" name="OrderedTest1" />
    </UnitTest>
    <UnitTest name="01- MathUtil_TestIncrement (OrderedTest1)" storage="d:\glx-projekte\repositories\qqq_firsttest\testbay_test\orderedtest1.orderedtest" id="5e481de2-96e3-4b48-b7da-7aecd1a4abdb">
      <Execution id="2f8ea75f-05f9-457c-a359-e27b596a49bf" />
      <TestMethod codeBase="D:\GLX-Projekte\Repositories\QQQ_FirstTest\TestBay_Test\OrderedTest1.orderedtest" adapterTypeName="Microsoft.VisualStudio.TestTools.TestTypes.Unit.UnitTestAdapter" className="d:\glx-projekte\repositories\qqq_firsttest\testbay_test\orderedtest1" name="01- MathUtil_TestIncrement (OrderedTest1)" />
    </UnitTest>
    <UnitTest name="02- MathUtil_TestIncrement (OrderedTest1)" storage="d:\glx-projekte\repositories\qqq_firsttest\testbay_test\orderedtest1.orderedtest" id="c017eab3-6bd6-4acc-b16e-37c90fc35de6">
      <Execution id="c758436a-f2aa-4719-a380-b8328644d55a" />
      <TestMethod codeBase="D:\GLX-Projekte\Repositories\QQQ_FirstTest\TestBay_Test\OrderedTest1.orderedtest" adapterTypeName="Microsoft.VisualStudio.TestTools.TestTypes.Unit.UnitTestAdapter" className="d:\glx-projekte\repositories\qqq_firsttest\testbay_test\orderedtest1" name="02- MathUtil_TestIncrement (OrderedTest1)" />
    </UnitTest>
    <UnitTest name="03- MathUtil_TestIncrement (OrderedTest1)" storage="d:\glx-projekte\repositories\qqq_firsttest\testbay_test\orderedtest1.orderedtest" id="8bafecbd-eb09-446a-af33-b5e7102135ec">
      <Execution id="9c454115-b0e6-443e-89f5-7a3de268087c" />
      <TestMethod codeBase="D:\GLX-Projekte\Repositories\QQQ_FirstTest\TestBay_Test\OrderedTest1.orderedtest" adapterTypeName="Microsoft.VisualStudio.TestTools.TestTypes.Unit.UnitTestAdapter" className="d:\glx-projekte\repositories\qqq_firsttest\testbay_test\orderedtest1" name="03- MathUtil_TestIncrement (OrderedTest1)" />
    </UnitTest>
    <UnitTest name="04- MathUtil_TestIncrement (OrderedTest1)" storage="d:\glx-projekte\repositories\qqq_firsttest\testbay_test\orderedtest1.orderedtest" id="82a9ce6e-1d4c-4551-9fef-f50257af1675">
      <Execution id="5e10858e-5145-4160-b82a-1451c85cf3ef" />
      <TestMethod codeBase="D:\GLX-Projekte\Repositories\QQQ_FirstTest\TestBay_Test\OrderedTest1.orderedtest" adapterTypeName="Microsoft.VisualStudio.TestTools.TestTypes.Unit.UnitTestAdapter" className="d:\glx-projekte\repositories\qqq_firsttest\testbay_test\orderedtest1" name="04- MathUtil_TestIncrement (OrderedTest1)" />
    </UnitTest>
    <UnitTest name="05- StringUtil_GetStringBetween (OrderedTest1)" storage="d:\glx-projekte\repositories\qqq_firsttest\testbay_test\orderedtest1.orderedtest" id="52545f24-0d23-4b93-aa00-bc9f54f5f5de">
      <Execution id="51600b18-cdae-45c7-89a3-444261256da5" />
      <TestMethod codeBase="D:\GLX-Projekte\Repositories\QQQ_FirstTest\TestBay_Test\OrderedTest1.orderedtest" adapterTypeName="Microsoft.VisualStudio.TestTools.TestTypes.Unit.UnitTestAdapter" className="d:\glx-projekte\repositories\qqq_firsttest\testbay_test\orderedtest1" name="05- StringUtil_GetStringBetween (OrderedTest1)" />
    </UnitTest>
    <UnitTest name="06- StringUtil_GetStringBetween (OrderedTest1)" storage="d:\glx-projekte\repositories\qqq_firsttest\testbay_test\orderedtest1.orderedtest" id="16cac8a5-b0a5-4e0b-b21d-18ebc8292dd8">
      <Execution id="4bbf9276-835d-4b96-8969-777b027e8303" />
      <TestMethod codeBase="D:\GLX-Projekte\Repositories\QQQ_FirstTest\TestBay_Test\OrderedTest1.orderedtest" adapterTypeName="Microsoft.VisualStudio.TestTools.TestTypes.Unit.UnitTestAdapter" className="d:\glx-projekte\repositories\qqq_firsttest\testbay_test\orderedtest1" name="06- StringUtil_GetStringBetween (OrderedTest1)" />
    </UnitTest>
    <UnitTest name="07- StringUtil_GetStringBetween (OrderedTest1)" storage="d:\glx-projekte\repositories\qqq_firsttest\testbay_test\orderedtest1.orderedtest" id="8f38e441-a6b8-4d52-a501-439ea0e2138e">
      <Execution id="656c459a-c2a6-4614-b3c5-c8f5d30e5c9d" />
      <TestMethod codeBase="D:\GLX-Projekte\Repositories\QQQ_FirstTest\TestBay_Test\OrderedTest1.orderedtest" adapterTypeName="Microsoft.VisualStudio.TestTools.TestTypes.Unit.UnitTestAdapter" className="d:\glx-projekte\repositories\qqq_firsttest\testbay_test\orderedtest1" name="07- StringUtil_GetStringBetween (OrderedTest1)" />
    </UnitTest>
    <UnitTest name="08- TestFirstViewModel (OrderedTest1)" storage="d:\glx-projekte\repositories\qqq_firsttest\testbay_test\orderedtest1.orderedtest" id="8782db30-51c5-4e18-bef8-8b99be38f641">
      <Execution id="2f55dcb2-8456-4d3b-a05c-434a5584fe82" />
      <TestMethod codeBase="D:\GLX-Projekte\Repositories\QQQ_FirstTest\TestBay_Test\OrderedTest1.orderedtest" adapterTypeName="Microsoft.VisualStudio.TestTools.TestTypes.Unit.UnitTestAdapter" className="d:\glx-projekte\repositories\qqq_firsttest\testbay_test\orderedtest1" name="08- TestFirstViewModel (OrderedTest1)" />
    </UnitTest>
    <UnitTest name="09- TestFirstViewModel (OrderedTest1)" storage="d:\glx-projekte\repositories\qqq_firsttest\testbay_test\orderedtest1.orderedtest" id="0881f7aa-7658-4be0-a3c0-0ac8137c9099">
      <Execution id="f8671c74-b00a-4db3-bdfa-cb820c0daaf4" />
      <TestMethod codeBase="D:\GLX-Projekte\Repositories\QQQ_FirstTest\TestBay_Test\OrderedTest1.orderedtest" adapterTypeName="Microsoft.VisualStudio.TestTools.TestTypes.Unit.UnitTestAdapter" className="d:\glx-projekte\repositories\qqq_firsttest\testbay_test\orderedtest1" name="09- TestFirstViewModel (OrderedTest1)" />
    </UnitTest>
  </TestDefinitions>
  <TestEntries>
    <TestEntry testId="abd87d6d-bdea-4747-83c0-796bb2465d2a" executionId="3f06a670-ac28-4ad2-94cd-c0daaf88fad0" testListId="8c84fa94-04c1-424b-9868-57a2d4851a1d" />
    <TestEntry testId="5e481de2-96e3-4b48-b7da-7aecd1a4abdb" executionId="2f8ea75f-05f9-457c-a359-e27b596a49bf" testListId="8c84fa94-04c1-424b-9868-57a2d4851a1d" />
    <TestEntry testId="c017eab3-6bd6-4acc-b16e-37c90fc35de6" executionId="c758436a-f2aa-4719-a380-b8328644d55a" testListId="8c84fa94-04c1-424b-9868-57a2d4851a1d" />
    <TestEntry testId="8bafecbd-eb09-446a-af33-b5e7102135ec" executionId="9c454115-b0e6-443e-89f5-7a3de268087c" testListId="8c84fa94-04c1-424b-9868-57a2d4851a1d" />
    <TestEntry testId="82a9ce6e-1d4c-4551-9fef-f50257af1675" executionId="5e10858e-5145-4160-b82a-1451c85cf3ef" testListId="8c84fa94-04c1-424b-9868-57a2d4851a1d" />
    <TestEntry testId="52545f24-0d23-4b93-aa00-bc9f54f5f5de" executionId="51600b18-cdae-45c7-89a3-444261256da5" testListId="8c84fa94-04c1-424b-9868-57a2d4851a1d" />
    <TestEntry testId="16cac8a5-b0a5-4e0b-b21d-18ebc8292dd8" executionId="4bbf9276-835d-4b96-8969-777b027e8303" testListId="8c84fa94-04c1-424b-9868-57a2d4851a1d" />
    <TestEntry testId="8f38e441-a6b8-4d52-a501-439ea0e2138e" executionId="656c459a-c2a6-4614-b3c5-c8f5d30e5c9d" testListId="8c84fa94-04c1-424b-9868-57a2d4851a1d" />
    <TestEntry testId="8782db30-51c5-4e18-bef8-8b99be38f641" executionId="2f55dcb2-8456-4d3b-a05c-434a5584fe82" testListId="8c84fa94-04c1-424b-9868-57a2d4851a1d" />
    <TestEntry testId="0881f7aa-7658-4be0-a3c0-0ac8137c9099" executionId="f8671c74-b00a-4db3-bdfa-cb820c0daaf4" testListId="8c84fa94-04c1-424b-9868-57a2d4851a1d" />
  </TestEntries>
  <TestLists>
    <TestList name="Nicht in einer Liste enthaltene Ergebnisse" id="8c84fa94-04c1-424b-9868-57a2d4851a1d" />
    <TestList name="Alle geladenen Ergebnisse" id="19431567-8539-422a-85d7-44ee4e166bda" />
  </TestLists>
  <ResultSummary outcome="Completed">
    <Counters total="10" executed="10" passed="10" failed="0" error="0" timeout="0" aborted="0" inconclusive="0" passedButRunAborted="0" notRunnable="0" notExecuted="0" disconnected="0" warning="0" completed="0" inProgress="0" pending="0" />
    <RunInfos>
      <RunInfo computerName="N005509" outcome="Warning" timestamp="2016-01-03T13:48:19.6236510+01:00">
        <Text>Meldung des Adapters für diagnostische Daten: Diagnosedatenadapter 'Code Coverage' wurde nicht gefunden. Stellen Sie sicher, dass der Diagnosedatenadapter installiert ist, und wiederholen Sie den Vorgang.</Text>
      </RunInfo>
    </RunInfos>
  </ResultSummary>
</TestRun>