<?xml version="1.0" encoding="UTF-8"?>
<TestRun id="7b1334b3-bbca-4811-b056-5d1581925e6c" name="SYSTEM@N005509 2016-01-03 13:41:02" runUser="NT-AUTORITÄT\SYSTEM" xmlns="http://microsoft.com/schemas/VisualStudio/TeamTest/2010">
  <Times creation="2016-01-03T13:41:02.6266869+01:00" queuing="2016-01-03T13:41:02.6266869+01:00" start="2016-01-03T13:41:02.6326869+01:00" finish="2016-01-03T13:41:02.7096869+01:00" />
  <TestSettings name="default" id="05f8a581-a0ef-4e8e-ac65-aa0ae57e68ef">
    <Execution>
      <TestTypeSpecific />
    </Execution>
    <Deployment runDeploymentRoot="SYSTEM_N005509 2016-01-03 13_41_02" />
    <Properties />
  </TestSettings>
  <Results>
    <UnitTestResult executionId="2c8f2792-dd0f-4da6-9000-d6a46cc6aaeb" testId="abd87d6d-bdea-4747-83c0-796bb2465d2a" testName="OrderedTest1" computerName="N005509" duration="00:00:00.3183453" startTime="2016-01-03T13:41:02.1666869+01:00" endTime="2016-01-03T13:41:02.5046869+01:00" testType="13cdc9d9-ddb5-4fa4-a97d-d965ccfc6d4b" outcome="Passed" testListId="8c84fa94-04c1-424b-9868-57a2d4851a1d" relativeResultsDirectory="2c8f2792-dd0f-4da6-9000-d6a46cc6aaeb" />
    <UnitTestResult executionId="7c3c4335-7a93-41d1-be0e-c30cffbc93e2" testId="f0d98145-0702-4f9d-a409-e1240a8f53a6" testName="01- MathUtil_TestIncrement (OrderedTest1)" computerName="N005509" duration="00:00:00.0309234" startTime="2016-01-03T12:41:02.1856869+01:00" endTime="2016-01-03T12:41:02.4546869+01:00" testType="13cdc9d9-ddb5-4fa4-a97d-d965ccfc6d4b" outcome="Passed" testListId="8c84fa94-04c1-424b-9868-57a2d4851a1d" relativeResultsDirectory="7c3c4335-7a93-41d1-be0e-c30cffbc93e2" />
    <UnitTestResult executionId="092b3d19-1e3c-4446-82dc-6d8fb8acf6cd" testId="72b43fc0-65ea-4444-9fe0-890056b15bf7" testName="02- MathUtil_TestIncrement (OrderedTest1)" computerName="N005509" duration="00:00:00.0000406" startTime="2016-01-03T12:41:02.4576869+01:00" endTime="2016-01-03T12:41:02.4596869+01:00" testType="13cdc9d9-ddb5-4fa4-a97d-d965ccfc6d4b" outcome="Passed" testListId="8c84fa94-04c1-424b-9868-57a2d4851a1d" relativeResultsDirectory="092b3d19-1e3c-4446-82dc-6d8fb8acf6cd" />
    <UnitTestResult executionId="99fc644f-fae2-4bd1-a9cc-c2168271dde5" testId="8ccdec37-475c-4b65-8171-867ae8e43e20" testName="03- MathUtil_TestIncrement (OrderedTest1)" computerName="N005509" duration="00:00:00.0000242" startTime="2016-01-03T12:41:02.4596869+01:00" endTime="2016-01-03T12:41:02.4616869+01:00" testType="13cdc9d9-ddb5-4fa4-a97d-d965ccfc6d4b" outcome="Passed" testListId="8c84fa94-04c1-424b-9868-57a2d4851a1d" relativeResultsDirectory="99fc644f-fae2-4bd1-a9cc-c2168271dde5" />
    <UnitTestResult executionId="31ac8dd4-0a4e-405e-bc9c-caf9b9914d7a" testId="19a9fd8b-ebc7-45b0-afdd-fff4369e6e52" testName="04- MathUtil_TestIncrement (OrderedTest1)" computerName="N005509" duration="00:00:00.0000242" startTime="2016-01-03T12:41:02.4616869+01:00" endTime="2016-01-03T12:41:02.4636869+01:00" testType="13cdc9d9-ddb5-4fa4-a97d-d965ccfc6d4b" outcome="Passed" testListId="8c84fa94-04c1-424b-9868-57a2d4851a1d" relativeResultsDirectory="31ac8dd4-0a4e-405e-bc9c-caf9b9914d7a" />
    <UnitTestResult executionId="5df35971-ffed-4934-8851-b8c847df8899" testId="1dae5532-e628-425d-b3b4-5ae443ca3c50" testName="05- StringUtil_GetStringBetween (OrderedTest1)" computerName="N005509" duration="00:00:00.0013370" startTime="2016-01-03T12:41:02.4636869+01:00" endTime="2016-01-03T12:41:02.4716869+01:00" testType="13cdc9d9-ddb5-4fa4-a97d-d965ccfc6d4b" outcome="Passed" testListId="8c84fa94-04c1-424b-9868-57a2d4851a1d" relativeResultsDirectory="5df35971-ffed-4934-8851-b8c847df8899" />
    <UnitTestResult executionId="0fd11c79-ba91-490e-b68c-d04fc5884468" testId="36261582-516a-4f3b-85b1-25c770e1f0d4" testName="06- StringUtil_GetStringBetween (OrderedTest1)" computerName="N005509" duration="00:00:00.0000369" startTime="2016-01-03T12:41:02.4726869+01:00" endTime="2016-01-03T12:41:02.4756869+01:00" testType="13cdc9d9-ddb5-4fa4-a97d-d965ccfc6d4b" outcome="Passed" testListId="8c84fa94-04c1-424b-9868-57a2d4851a1d" relativeResultsDirectory="0fd11c79-ba91-490e-b68c-d04fc5884468" />
    <UnitTestResult executionId="379edb5f-e0fe-4ae0-b316-2473fcc14df5" testId="979e48a6-eb70-4850-849a-ec99af81a5fd" testName="07- StringUtil_GetStringBetween (OrderedTest1)" computerName="N005509" duration="00:00:00.0000377" startTime="2016-01-03T12:41:02.4756869+01:00" endTime="2016-01-03T12:41:02.4806869+01:00" testType="13cdc9d9-ddb5-4fa4-a97d-d965ccfc6d4b" outcome="Passed" testListId="8c84fa94-04c1-424b-9868-57a2d4851a1d" relativeResultsDirectory="379edb5f-e0fe-4ae0-b316-2473fcc14df5" />
    <UnitTestResult executionId="6e2c96ed-ac56-437c-a6e6-21cadcbdcaad" testId="cbe36dc4-7cee-46bf-abfa-6301a3b64314" testName="08- TestFirstViewModel (OrderedTest1)" computerName="N005509" duration="00:00:00.0178016" startTime="2016-01-03T12:41:02.4806869+01:00" endTime="2016-01-03T12:41:02.5006869+01:00" testType="13cdc9d9-ddb5-4fa4-a97d-d965ccfc6d4b" outcome="Passed" testListId="8c84fa94-04c1-424b-9868-57a2d4851a1d" relativeResultsDirectory="6e2c96ed-ac56-437c-a6e6-21cadcbdcaad" />
    <UnitTestResult executionId="7c60f9a0-f50a-4a83-b6be-2358042cf262" testId="1b788a6f-09f4-4d34-8d2f-28c49b0579ed" testName="09- TestFirstViewModel (OrderedTest1)" computerName="N005509" duration="00:00:00.0000336" startTime="2016-01-03T12:41:02.5016869+01:00" endTime="2016-01-03T12:41:02.5036869+01:00" testType="13cdc9d9-ddb5-4fa4-a97d-d965ccfc6d4b" outcome="Passed" testListId="8c84fa94-04c1-424b-9868-57a2d4851a1d" relativeResultsDirectory="7c60f9a0-f50a-4a83-b6be-2358042cf262" />
  </Results>
  <TestDefinitions>
    <UnitTest name="OrderedTest1" storage="d:\glx-projekte\repositories\qqq_firsttest\testbay_test\orderedtest1.orderedtest" id="abd87d6d-bdea-4747-83c0-796bb2465d2a">
      <Execution id="2c8f2792-dd0f-4da6-9000-d6a46cc6aaeb" />
      <TestMethod codeBase="D:\GLX-Projekte\Repositories\QQQ_FirstTest\TestBay_Test\OrderedTest1.orderedtest" adapterTypeName="Microsoft.VisualStudio.TestTools.TestTypes.Unit.UnitTestAdapter" className="d:\glx-projekte\repositories\qqq_firsttest\testbay_test\orderedtest1" name="OrderedTest1" />
    </UnitTest>
    <UnitTest name="01- MathUtil_TestIncrement (OrderedTest1)" storage="d:\glx-projekte\repositories\qqq_firsttest\testbay_test\orderedtest1.orderedtest" id="f0d98145-0702-4f9d-a409-e1240a8f53a6">
      <Execution id="7c3c4335-7a93-41d1-be0e-c30cffbc93e2" />
      <TestMethod codeBase="D:\GLX-Projekte\Repositories\QQQ_FirstTest\TestBay_Test\OrderedTest1.orderedtest" adapterTypeName="Microsoft.VisualStudio.TestTools.TestTypes.Unit.UnitTestAdapter" className="d:\glx-projekte\repositories\qqq_firsttest\testbay_test\orderedtest1" name="01- MathUtil_TestIncrement (OrderedTest1)" />
    </UnitTest>
    <UnitTest name="02- MathUtil_TestIncrement (OrderedTest1)" storage="d:\glx-projekte\repositories\qqq_firsttest\testbay_test\orderedtest1.orderedtest" id="72b43fc0-65ea-4444-9fe0-890056b15bf7">
      <Execution id="092b3d19-1e3c-4446-82dc-6d8fb8acf6cd" />
      <TestMethod codeBase="D:\GLX-Projekte\Repositories\QQQ_FirstTest\TestBay_Test\OrderedTest1.orderedtest" adapterTypeName="Microsoft.VisualStudio.TestTools.TestTypes.Unit.UnitTestAdapter" className="d:\glx-projekte\repositories\qqq_firsttest\testbay_test\orderedtest1" name="02- MathUtil_TestIncrement (OrderedTest1)" />
    </UnitTest>
    <UnitTest name="03- MathUtil_TestIncrement (OrderedTest1)" storage="d:\glx-projekte\repositories\qqq_firsttest\testbay_test\orderedtest1.orderedtest" id="8ccdec37-475c-4b65-8171-867ae8e43e20">
      <Execution id="99fc644f-fae2-4bd1-a9cc-c2168271dde5" />
      <TestMethod codeBase="D:\GLX-Projekte\Repositories\QQQ_FirstTest\TestBay_Test\OrderedTest1.orderedtest" adapterTypeName="Microsoft.VisualStudio.TestTools.TestTypes.Unit.UnitTestAdapter" className="d:\glx-projekte\repositories\qqq_firsttest\testbay_test\orderedtest1" name="03- MathUtil_TestIncrement (OrderedTest1)" />
    </UnitTest>
    <UnitTest name="04- MathUtil_TestIncrement (OrderedTest1)" storage="d:\glx-projekte\repositories\qqq_firsttest\testbay_test\orderedtest1.orderedtest" id="19a9fd8b-ebc7-45b0-afdd-fff4369e6e52">
      <Execution id="31ac8dd4-0a4e-405e-bc9c-caf9b9914d7a" />
      <TestMethod codeBase="D:\GLX-Projekte\Repositories\QQQ_FirstTest\TestBay_Test\OrderedTest1.orderedtest" adapterTypeName="Microsoft.VisualStudio.TestTools.TestTypes.Unit.UnitTestAdapter" className="d:\glx-projekte\repositories\qqq_firsttest\testbay_test\orderedtest1" name="04- MathUtil_TestIncrement (OrderedTest1)" />
    </UnitTest>
    <UnitTest name="05- StringUtil_GetStringBetween (OrderedTest1)" storage="d:\glx-projekte\repositories\qqq_firsttest\testbay_test\orderedtest1.orderedtest" id="1dae5532-e628-425d-b3b4-5ae443ca3c50">
      <Execution id="5df35971-ffed-4934-8851-b8c847df8899" />
      <TestMethod codeBase="D:\GLX-Projekte\Repositories\QQQ_FirstTest\TestBay_Test\OrderedTest1.orderedtest" adapterTypeName="Microsoft.VisualStudio.TestTools.TestTypes.Unit.UnitTestAdapter" className="d:\glx-projekte\repositories\qqq_firsttest\testbay_test\orderedtest1" name="05- StringUtil_GetStringBetween (OrderedTest1)" />
    </UnitTest>
    <UnitTest name="06- StringUtil_GetStringBetween (OrderedTest1)" storage="d:\glx-projekte\repositories\qqq_firsttest\testbay_test\orderedtest1.orderedtest" id="36261582-516a-4f3b-85b1-25c770e1f0d4">
      <Execution id="0fd11c79-ba91-490e-b68c-d04fc5884468" />
      <TestMethod codeBase="D:\GLX-Projekte\Repositories\QQQ_FirstTest\TestBay_Test\OrderedTest1.orderedtest" adapterTypeName="Microsoft.VisualStudio.TestTools.TestTypes.Unit.UnitTestAdapter" className="d:\glx-projekte\repositories\qqq_firsttest\testbay_test\orderedtest1" name="06- StringUtil_GetStringBetween (OrderedTest1)" />
    </UnitTest>
    <UnitTest name="07- StringUtil_GetStringBetween (OrderedTest1)" storage="d:\glx-projekte\repositories\qqq_firsttest\testbay_test\orderedtest1.orderedtest" id="979e48a6-eb70-4850-849a-ec99af81a5fd">
      <Execution id="379edb5f-e0fe-4ae0-b316-2473fcc14df5" />
      <TestMethod codeBase="D:\GLX-Projekte\Repositories\QQQ_FirstTest\TestBay_Test\OrderedTest1.orderedtest" adapterTypeName="Microsoft.VisualStudio.TestTools.TestTypes.Unit.UnitTestAdapter" className="d:\glx-projekte\repositories\qqq_firsttest\testbay_test\orderedtest1" name="07- StringUtil_GetStringBetween (OrderedTest1)" />
    </UnitTest>
    <UnitTest name="08- TestFirstViewModel (OrderedTest1)" storage="d:\glx-projekte\repositories\qqq_firsttest\testbay_test\orderedtest1.orderedtest" id="cbe36dc4-7cee-46bf-abfa-6301a3b64314">
      <Execution id="6e2c96ed-ac56-437c-a6e6-21cadcbdcaad" />
      <TestMethod codeBase="D:\GLX-Projekte\Repositories\QQQ_FirstTest\TestBay_Test\OrderedTest1.orderedtest" adapterTypeName="Microsoft.VisualStudio.TestTools.TestTypes.Unit.UnitTestAdapter" className="d:\glx-projekte\repositories\qqq_firsttest\testbay_test\orderedtest1" name="08- TestFirstViewModel (OrderedTest1)" />
    </UnitTest>
    <UnitTest name="09- TestFirstViewModel (OrderedTest1)" storage="d:\glx-projekte\repositories\qqq_firsttest\testbay_test\orderedtest1.orderedtest" id="1b788a6f-09f4-4d34-8d2f-28c49b0579ed">
      <Execution id="7c60f9a0-f50a-4a83-b6be-2358042cf262" />
      <TestMethod codeBase="D:\GLX-Projekte\Repositories\QQQ_FirstTest\TestBay_Test\OrderedTest1.orderedtest" adapterTypeName="Microsoft.VisualStudio.TestTools.TestTypes.Unit.UnitTestAdapter" className="d:\glx-projekte\repositories\qqq_firsttest\testbay_test\orderedtest1" name="09- TestFirstViewModel (OrderedTest1)" />
    </UnitTest>
  </TestDefinitions>
  <TestEntries>
    <TestEntry testId="abd87d6d-bdea-4747-83c0-796bb2465d2a" executionId="2c8f2792-dd0f-4da6-9000-d6a46cc6aaeb" testListId="8c84fa94-04c1-424b-9868-57a2d4851a1d" />
    <TestEntry testId="f0d98145-0702-4f9d-a409-e1240a8f53a6" executionId="7c3c4335-7a93-41d1-be0e-c30cffbc93e2" testListId="8c84fa94-04c1-424b-9868-57a2d4851a1d" />
    <TestEntry testId="72b43fc0-65ea-4444-9fe0-890056b15bf7" executionId="092b3d19-1e3c-4446-82dc-6d8fb8acf6cd" testListId="8c84fa94-04c1-424b-9868-57a2d4851a1d" />
    <TestEntry testId="8ccdec37-475c-4b65-8171-867ae8e43e20" executionId="99fc644f-fae2-4bd1-a9cc-c2168271dde5" testListId="8c84fa94-04c1-424b-9868-57a2d4851a1d" />
    <TestEntry testId="19a9fd8b-ebc7-45b0-afdd-fff4369e6e52" executionId="31ac8dd4-0a4e-405e-bc9c-caf9b9914d7a" testListId="8c84fa94-04c1-424b-9868-57a2d4851a1d" />
    <TestEntry testId="1dae5532-e628-425d-b3b4-5ae443ca3c50" executionId="5df35971-ffed-4934-8851-b8c847df8899" testListId="8c84fa94-04c1-424b-9868-57a2d4851a1d" />
    <TestEntry testId="36261582-516a-4f3b-85b1-25c770e1f0d4" executionId="0fd11c79-ba91-490e-b68c-d04fc5884468" testListId="8c84fa94-04c1-424b-9868-57a2d4851a1d" />
    <TestEntry testId="979e48a6-eb70-4850-849a-ec99af81a5fd" executionId="379edb5f-e0fe-4ae0-b316-2473fcc14df5" testListId="8c84fa94-04c1-424b-9868-57a2d4851a1d" />
    <TestEntry testId="cbe36dc4-7cee-46bf-abfa-6301a3b64314" executionId="6e2c96ed-ac56-437c-a6e6-21cadcbdcaad" testListId="8c84fa94-04c1-424b-9868-57a2d4851a1d" />
    <TestEntry testId="1b788a6f-09f4-4d34-8d2f-28c49b0579ed" executionId="7c60f9a0-f50a-4a83-b6be-2358042cf262" testListId="8c84fa94-04c1-424b-9868-57a2d4851a1d" />
  </TestEntries>
  <TestLists>
    <TestList name="Nicht in einer Liste enthaltene Ergebnisse" id="8c84fa94-04c1-424b-9868-57a2d4851a1d" />
    <TestList name="Alle geladenen Ergebnisse" id="19431567-8539-422a-85d7-44ee4e166bda" />
  </TestLists>
  <ResultSummary outcome="Completed">
    <Counters total="10" executed="10" passed="10" failed="0" error="0" timeout="0" aborted="0" inconclusive="0" passedButRunAborted="0" notRunnable="0" notExecuted="0" disconnected="0" warning="0" completed="0" inProgress="0" pending="0" />
    <RunInfos>
      <RunInfo computerName="N005509" outcome="Warning" timestamp="2016-01-03T13:41:00.8046869+01:00">
        <Text>Meldung des Adapters für diagnostische Daten: Diagnosedatenadapter 'Code Coverage' wurde nicht gefunden. Stellen Sie sicher, dass der Diagnosedatenadapter installiert ist, und wiederholen Sie den Vorgang.</Text>
      </RunInfo>
    </RunInfos>
  </ResultSummary>
</TestRun>